<?xml version="1.0" encoding="UTF-8"?>
<!-- Generated by org.testng.reporters.JUnitReportReporter -->
<testsuite skipped="0" hostname="Sheerin-PC" name="testCases.Tc002_Login_invalid" tests="1" failures="0" timestamp="19 Nov 2021 05:11:09 GMT" time="7.953" errors="0">
  <testcase name="clickOnLogin" time="7.953" classname="testCases.Tc002_Login_invalid"/>
</testsuite> <!-- testCases.Tc002_Login_invalid -->
