<?xml version="1.0" encoding="UTF-8"?>
<!-- Generated by org.testng.reporters.JUnitReportReporter -->
<testsuite skipped="0" hostname="Sheerin-PC" name="testCases.Tc003_searchBox" tests="1" failures="0" timestamp="19 Nov 2021 05:11:09 GMT" time="11.229" errors="0">
  <testcase name="clickOnSearch" time="11.229" classname="testCases.Tc003_searchBox"/>
</testsuite> <!-- testCases.Tc003_searchBox -->
