<?xml version="1.0" encoding="UTF-8"?>
<!-- Generated by org.testng.reporters.JUnitReportReporter -->
<testsuite skipped="0" hostname="Sheerin-PC" name="testCases.Tc007_wishList" tests="1" failures="0" timestamp="19 Nov 2021 05:11:09 GMT" time="14.622" errors="0">
  <testcase name="addToWishlist" time="14.622" classname="testCases.Tc007_wishList"/>
</testsuite> <!-- testCases.Tc007_wishList -->
