<?xml version="1.0" encoding="UTF-8"?>
<!-- Generated by org.testng.reporters.JUnitReportReporter -->
<testsuite skipped="0" hostname="Sheerin-PC" name="testCases.Tc008_addToCart" tests="1" failures="0" timestamp="19 Nov 2021 05:11:09 GMT" time="16.585" errors="0">
  <testcase name="addToCart" time="16.585" classname="testCases.Tc008_addToCart"/>
</testsuite> <!-- testCases.Tc008_addToCart -->
