<?xml version="1.0" encoding="UTF-8"?>
<!-- Generated by org.testng.reporters.JUnitReportReporter -->
<testsuite skipped="0" hostname="Sheerin-PC" name="testCases.Tc004_whatsNew" tests="1" failures="0" timestamp="19 Nov 2021 05:11:09 GMT" time="4.338" errors="0">
  <testcase name="whatsNewButton" time="4.338" classname="testCases.Tc004_whatsNew"/>
</testsuite> <!-- testCases.Tc004_whatsNew -->
