<?xml version="1.0" encoding="UTF-8"?>
<!-- Generated by org.testng.reporters.JUnitReportReporter -->
<testsuite skipped="0" hostname="Sheerin-PC" name="testCases.Tc010_whatsappIcon" tests="1" failures="0" timestamp="19 Nov 2021 05:11:09 GMT" time="4.659" errors="0">
  <testcase name="clickWhatsapp" time="4.659" classname="testCases.Tc010_whatsappIcon"/>
</testsuite> <!-- testCases.Tc010_whatsappIcon -->
