<?xml version="1.0" encoding="UTF-8"?>
<!-- Generated by org.testng.reporters.JUnitReportReporter -->
<testsuite skipped="0" hostname="Sheerin-PC" name="testCases.Tc006_christmasGifts" tests="1" failures="0" timestamp="19 Nov 2021 05:11:09 GMT" time="9.065" errors="0">
  <testcase name="christmas" time="9.065" classname="testCases.Tc006_christmasGifts"/>
</testsuite> <!-- testCases.Tc006_christmasGifts -->
