<?xml version="1.0" encoding="UTF-8"?>
<!-- Generated by org.testng.reporters.JUnitReportReporter -->
<testsuite skipped="0" hostname="Sheerin-PC" name="testCases.Tc005_birthdayGifts" tests="1" failures="0" timestamp="19 Nov 2021 05:11:09 GMT" time="8.319" errors="0">
  <testcase name="clickOnbdayGifts" time="8.319" classname="testCases.Tc005_birthdayGifts"/>
</testsuite> <!-- testCases.Tc005_birthdayGifts -->
