<?xml version="1.0" encoding="UTF-8"?>
<!-- Generated by org.testng.reporters.JUnitReportReporter -->
<testsuite skipped="0" hostname="Sheerin-PC" name="testCases.Tc004_whatsNew" tests="1" failures="0" timestamp="17 Nov 2021 13:11:52 GMT" time="12.013" errors="0">
  <testcase name="whatsNewButton" time="12.013" classname="testCases.Tc004_whatsNew"/>
</testsuite> <!-- testCases.Tc004_whatsNew -->
