<?xml version="1.0" encoding="UTF-8"?>
<!-- Generated by org.testng.reporters.JUnitReportReporter -->
<testsuite skipped="0" hostname="Sheerin-PC" name="testCases.Tc009_giftCards" tests="1" failures="0" timestamp="18 Nov 2021 07:00:23 GMT" time="6.139" errors="0">
  <testcase name="clickOnGift" time="6.139" classname="testCases.Tc009_giftCards"/>
</testsuite> <!-- testCases.Tc009_giftCards -->
