<?xml version="1.0" encoding="UTF-8"?>
<!-- Generated by org.testng.reporters.JUnitReportReporter -->
<testsuite skipped="0" hostname="Sheerin-PC" name="testCases.Tc007_wishList" tests="1" failures="0" timestamp="18 Nov 2021 10:10:38 GMT" time="19.728" errors="0">
  <testcase name="addToWishlist" time="19.728" classname="testCases.Tc007_wishList"/>
</testsuite> <!-- testCases.Tc007_wishList -->
