<?xml version="1.0" encoding="UTF-8"?>
<!-- Generated by org.testng.reporters.JUnitReportReporter -->
<testsuite skipped="0" hostname="Sheerin-PC" name="testCases.Tc008_addToCart" tests="1" failures="0" timestamp="18 Nov 2021 05:31:38 GMT" time="13.482" errors="0">
  <testcase name="addToCart" time="13.482" classname="testCases.Tc008_addToCart"/>
</testsuite> <!-- testCases.Tc008_addToCart -->
