<?xml version="1.0" encoding="UTF-8"?>
<!-- Generated by org.testng.reporters.JUnitReportReporter -->
<testsuite skipped="0" hostname="Sheerin-PC" name="testCases.Tc006_christmasGifts" tests="1" failures="0" timestamp="17 Nov 2021 15:14:29 GMT" time="29.733" errors="0">
  <testcase name="christmas" time="29.733" classname="testCases.Tc006_christmasGifts"/>
</testsuite> <!-- testCases.Tc006_christmasGifts -->
