<?xml version="1.0" encoding="UTF-8"?>
<!-- Generated by org.testng.reporters.JUnitReportReporter -->
<testsuite skipped="0" hostname="Sheerin-PC" name="testCases.Tc005_birthdayGifts" tests="1" failures="0" timestamp="17 Nov 2021 14:43:51 GMT" time="11.413" errors="0">
  <testcase name="clickOnbdayGifts" time="11.413" classname="testCases.Tc005_birthdayGifts"/>
</testsuite> <!-- testCases.Tc005_birthdayGifts -->
