<?xml version="1.0" encoding="UTF-8"?>
<!-- Generated by org.testng.reporters.JUnitReportReporter -->
<testsuite skipped="0" hostname="Sheerin-PC" name="testCases.Tc001_Login_valid" tests="1" failures="0" timestamp="17 Nov 2021 11:38:11 GMT" time="54.635" errors="0">
  <testcase name="clickOnLogin" time="54.635" classname="testCases.Tc001_Login_valid"/>
</testsuite> <!-- testCases.Tc001_Login_valid -->
