<?xml version="1.0" encoding="UTF-8"?>
<!-- Generated by org.testng.reporters.JUnitReportReporter -->
<testsuite skipped="0" hostname="Sheerin-PC" name="testCases.Tc003_searchBox" tests="1" failures="0" timestamp="17 Nov 2021 12:50:21 GMT" time="17.470" errors="0">
  <testcase name="clickOnSearch" time="17.470" classname="testCases.Tc003_searchBox"/>
</testsuite> <!-- testCases.Tc003_searchBox -->
